00:00:00.002630 main     VirtualBox COM Server 6.1.14 r140239 win.amd64 (Sep  4 2020 08:29:36) release log
00:00:00.002632 main     Log opened 2020-12-29T16:49:58.446331100Z
00:00:00.002633 main     Build Type: release
00:00:00.002641 main     OS Product: Windows 10
00:00:00.002642 main     OS Release: 10.0.19042
00:00:00.002643 main     OS Service Pack: 
00:00:00.022288 main     DMI Product Name: OMEN by HP Obelisk Desktop 875-0xxx
00:00:00.032684 main     DMI Product Version:  
00:00:00.032694 main     Firmware type: UEFI
00:00:00.032860 main     Secure Boot: VERR_PRIVILEGE_NOT_HELD
00:00:00.032877 main     Host RAM: 16261MB (15.8GB) total, 10011MB (9.7GB) available
00:00:00.032880 main     Executable: C:\Program Files\Oracle\VirtualBox\VBoxSVC.exe
00:00:00.032881 main     Process ID: 20220
00:00:00.032881 main     Package type: WINDOWS_64BITS_GENERIC
00:00:00.077157          VirtualBox: object creation starts
00:00:00.077366          Home directory: 'C:\Users\romai\.VirtualBox'
00:00:00.077449          Installed Drivers:
00:00:00.082011            C:\WINDOWS\system32\DRIVERS\VBoxNetLwf.sys (Version: 6.1.14.40239)
00:00:00.082502            C:\WINDOWS\system32\DRIVERS\VBoxUSBMon.sys (Version: 6.1.14.40239)
00:00:00.082855            C:\WINDOWS\system32\DRIVERS\VBoxDrv.sys (Version: 6.1.14.40239)
00:00:00.083298            C:\WINDOWS\system32\DRIVERS\VBoxNetAdp6.sys (Version: 6.1.14.40239)
00:00:00.085764          Loading settings file "C:\Users\romai\.VirtualBox\VirtualBox.xml" with version "1.12-windows"
00:00:00.088581          usbLibGetDevices: Starting USB device enumeration
00:00:00.153021          Getting USB descriptor (id 0) failed (dwErr=31) on hub USB#ROOT_HUB30#4&29b08ad1&0&0#{f18a0e88-c30c-11d0-8815-00a0c906bed8} port 14
00:00:00.153860          usbLibGetDevices: Found 4 USB devices, 0 captured
00:00:00.153947          USB: Unknown USB device detected (idVendor: 0x0bda, idProduct: 0xb00b)
00:00:00.237220          HostDnsMonitor: initializing
00:00:00.243737          HostDnsMonitor: updating information
00:00:00.243757          HostDnsMonitor: old information
00:00:00.243757            no server entries
00:00:00.243758            no domain set
00:00:00.243759            no search string entries
00:00:00.243759          HostDnsMonitor: new information
00:00:00.243759            server 1: 192.168.1.254
00:00:00.243760            domain: home
00:00:00.243760            no search string entries
00:00:00.341218          VD: VDInit finished with VINF_SUCCESS
00:00:00.342436          Loading settings file "C:\Users\romai\VirtualBox VMs\Ubuntuefrei\Ubuntuefrei.vbox" with version "1.16-windows"
00:00:00.343249          Loading settings file "C:\Users\romai\VirtualBox VMs\RaspiOS\RaspiOS.vbox" with version "1.16-windows"
00:00:00.343882          Loading settings file "C:\Users\romai\VirtualBox VMs\Kali-Linux-2020.4-vbox-amd64\Kali-Linux-2020.4-vbox-amd64.vbox" with version "1.16-windows"
00:00:00.344484          Loading settings file "C:\Users\romai\VirtualBox VMs\Tails\Tails.vbox" with version "1.16-windows"
00:00:00.354503          OCI: Local config file 'C:\Users\romai\.VirtualBox\oci_config' does not exist
00:00:00.354631          OCI: Original config file 'C:\Users\romai\.oci\config' does not exist
00:00:00.354632          OCI: Reading profiles finished with status ERROR_SUCCESS
00:00:00.354642          ExtPack: Created cloud provider 'OCI' (hrc=ERROR_SUCCESS)
00:00:00.354669          VirtualBox: object created
00:00:20.410561          Saving settings file "C:\Users\romai\.VirtualBox\VirtualBox.xml" with version "1.12-windows"
00:00:20.415571          Saving settings file "C:\Users\romai\.VirtualBox\VirtualBox.xml" with version "1.12-windows"
00:00:20.421078          Saving settings file "C:\Users\romai\.VirtualBox\VirtualBox.xml" with version "1.12-windows"
00:00:25.944967 main     VirtualBox: object deletion starts
00:00:25.945028 main     ERROR [COM]: aRC=VBOX_E_OBJECT_IN_USE (0x80bb000c) aIID={ad47ad09-787b-44ab-b343-a082a3f2dfb1} aComponent={MediumWrap} aText={Medium 'C:\Users\romai\VirtualBox VMs\Ubuntuefrei\Ubuntuefrei.vdi' cannot be closed because it is still attached to 1 virtual machines}, preserve=false aResultDetail=0
00:00:25.945447 main     ERROR [COM]: aRC=VBOX_E_OBJECT_IN_USE (0x80bb000c) aIID={ad47ad09-787b-44ab-b343-a082a3f2dfb1} aComponent={MediumWrap} aText={Medium 'C:\Users\romai\VirtualBox VMs\RaspiOS\RaspiOS-disk001.vdi' cannot be closed because it is still attached to 1 virtual machines}, preserve=false aResultDetail=0
00:00:25.945698 main     ERROR [COM]: aRC=VBOX_E_OBJECT_IN_USE (0x80bb000c) aIID={ad47ad09-787b-44ab-b343-a082a3f2dfb1} aComponent={MediumWrap} aText={Medium 'C:\Users\romai\VirtualBox VMs\Kali-Linux-2020.4-vbox-amd64\Kali-Linux-2020.4-vbox-amd64-disk001.vdi' cannot be closed because it is still attached to 1 virtual machines}, preserve=false aResultDetail=0
00:00:25.946582 main     HostDnsMonitor: shutting down ...
00:00:25.946669 main     HostDnsMonitor: shut down
00:00:25.948830 Watcher  ERROR [COM]: aRC=E_ACCESSDENIED (0x80070005) aIID={d0a0163f-e254-4e5b-a1f2-011cf991c38d} aComponent={VirtualBoxWrap} aText={The object is not ready}, preserve=false aResultDetail=0
00:00:25.948997 main     VirtualBox: object deleted
